mode: atomic
github.com/phantom820/streams/sources/mocks.go:9.44,13.2 3 0
github.com/phantom820/streams/sources/mocks.go:15.48,16.34 1 0
github.com/phantom820/streams/sources/mocks.go:19.2,19.14 1 0
github.com/phantom820/streams/sources/mocks.go:16.34,18.3 1 0
github.com/phantom820/streams/sources/mocks.go:26.46,30.2 3 0
github.com/phantom820/streams/sources/mocks.go:32.50,34.2 1 0
github.com/phantom820/streams/sources/sources.go:25.66,27.2 1 0
github.com/phantom820/streams/sources/sources.go:30.66,32.23 2 0
github.com/phantom820/streams/sources/sources.go:35.2,37.51 3 0
github.com/phantom820/streams/sources/sources.go:45.2,45.16 1 0
github.com/phantom820/streams/sources/sources.go:32.23,34.3 1 0
github.com/phantom820/streams/sources/sources.go:37.51,39.35 2 0
github.com/phantom820/streams/sources/sources.go:42.3,42.43 1 0
github.com/phantom820/streams/sources/sources.go:43.3,43.36 1 0
github.com/phantom820/streams/sources/sources.go:39.35,41.4 1 0
github.com/phantom820/streams/sources/sources.go:42.43,42.63 1 0
github.com/phantom820/streams/sources/sources.go:49.57,53.2 3 0
github.com/phantom820/streams/sources/sources.go:62.41,64.2 1 0
github.com/phantom820/streams/sources/sources.go:67.35,69.2 1 0
github.com/phantom820/streams/sources/sources.go:72.71,74.2 1 0
github.com/phantom820/streams/sources/sources.go:77.69,79.2 1 0
github.com/phantom820/streams/sources/sources.go:82.56,86.25 4 0
github.com/phantom820/streams/sources/sources.go:96.2,96.19 1 0
github.com/phantom820/streams/sources/sources.go:104.2,105.16 2 0
github.com/phantom820/streams/sources/sources.go:86.25,87.19 1 0
github.com/phantom820/streams/sources/sources.go:91.3,91.36 1 0
github.com/phantom820/streams/sources/sources.go:94.3,94.14 1 0
github.com/phantom820/streams/sources/sources.go:87.19,90.4 2 0
github.com/phantom820/streams/sources/sources.go:91.36,93.4 1 0
github.com/phantom820/streams/sources/sources.go:96.19,97.17 1 0
github.com/phantom820/streams/sources/sources.go:100.3,102.17 3 0
github.com/phantom820/streams/sources/sources.go:97.17,98.36 1 0
github.com/phantom820/streams/streams/concurrent_stream.go:30.48,35.2 4 1
github.com/phantom820/streams/streams/concurrent_stream.go:38.54,40.2 1 3
github.com/phantom820/streams/streams/concurrent_stream.go:43.72,45.2 1 0
github.com/phantom820/streams/streams/concurrent_stream.go:49.121,56.39 5 1
github.com/phantom820/streams/streams/concurrent_stream.go:60.2,60.15 1 1
github.com/phantom820/streams/streams/concurrent_stream.go:56.39,56.95 1 14
github.com/phantom820/streams/streams/concurrent_stream.go:58.33,58.86 1 1
github.com/phantom820/streams/streams/concurrent_stream.go:65.77,71.39 4 0
github.com/phantom820/streams/streams/concurrent_stream.go:75.2,75.16 1 0
github.com/phantom820/streams/streams/concurrent_stream.go:71.39,71.95 1 0
github.com/phantom820/streams/streams/concurrent_stream.go:73.33,73.86 1 0
github.com/phantom820/streams/streams/concurrent_stream.go:80.90,81.30 1 0
github.com/phantom820/streams/streams/concurrent_stream.go:84.2,85.45 1 0
github.com/phantom820/streams/streams/concurrent_stream.go:97.2,97.19 1 0
github.com/phantom820/streams/streams/concurrent_stream.go:81.30,82.31 1 0
github.com/phantom820/streams/streams/concurrent_stream.go:85.45,87.11 2 0
github.com/phantom820/streams/streams/concurrent_stream.go:91.4,91.25 1 0
github.com/phantom820/streams/streams/concurrent_stream.go:87.11,90.5 2 0
github.com/phantom820/streams/streams/concurrent_stream.go:101.76,102.30 1 0
github.com/phantom820/streams/streams/concurrent_stream.go:105.2,106.35 1 0
github.com/phantom820/streams/streams/concurrent_stream.go:121.2,121.19 1 0
github.com/phantom820/streams/streams/concurrent_stream.go:102.30,103.31 1 0
github.com/phantom820/streams/streams/concurrent_stream.go:106.35,108.11 2 0
github.com/phantom820/streams/streams/concurrent_stream.go:115.4,115.24 1 0
github.com/phantom820/streams/streams/concurrent_stream.go:108.11,111.5 2 0
github.com/phantom820/streams/streams/concurrent_stream.go:111.10,111.26 1 0
github.com/phantom820/streams/streams/concurrent_stream.go:111.26,114.5 2 0
github.com/phantom820/streams/streams/concurrent_stream.go:125.68,126.30 1 0
github.com/phantom820/streams/streams/concurrent_stream.go:131.2,133.35 2 0
github.com/phantom820/streams/streams/concurrent_stream.go:154.2,154.19 1 0
github.com/phantom820/streams/streams/concurrent_stream.go:126.30,127.31 1 0
github.com/phantom820/streams/streams/concurrent_stream.go:128.8,128.22 1 0
github.com/phantom820/streams/streams/concurrent_stream.go:128.22,129.56 1 0
github.com/phantom820/streams/streams/concurrent_stream.go:133.35,135.11 2 0
github.com/phantom820/streams/streams/concurrent_stream.go:135.11,137.5 1 0
github.com/phantom820/streams/streams/concurrent_stream.go:137.10,138.18 1 0
github.com/phantom820/streams/streams/concurrent_stream.go:142.5,142.26 1 0
github.com/phantom820/streams/streams/concurrent_stream.go:138.18,141.6 2 0
github.com/phantom820/streams/streams/concurrent_stream.go:145.31,146.46 1 0
github.com/phantom820/streams/streams/concurrent_stream.go:149.4,149.16 1 0
github.com/phantom820/streams/streams/concurrent_stream.go:146.46,148.5 1 0
github.com/phantom820/streams/streams/concurrent_stream.go:158.66,159.30 1 0
github.com/phantom820/streams/streams/concurrent_stream.go:164.2,166.35 2 0
github.com/phantom820/streams/streams/concurrent_stream.go:182.2,182.19 1 0
github.com/phantom820/streams/streams/concurrent_stream.go:159.30,160.31 1 0
github.com/phantom820/streams/streams/concurrent_stream.go:161.8,161.21 1 0
github.com/phantom820/streams/streams/concurrent_stream.go:161.21,162.54 1 0
github.com/phantom820/streams/streams/concurrent_stream.go:166.35,168.11 2 0
github.com/phantom820/streams/streams/concurrent_stream.go:168.11,170.5 1 0
github.com/phantom820/streams/streams/concurrent_stream.go:170.10,171.23 1 0
github.com/phantom820/streams/streams/concurrent_stream.go:175.5,175.25 1 0
github.com/phantom820/streams/streams/concurrent_stream.go:171.23,174.6 2 0
github.com/phantom820/streams/streams/concurrent_stream.go:186.110,187.30 1 0
github.com/phantom820/streams/streams/concurrent_stream.go:190.2,192.35 2 0
github.com/phantom820/streams/streams/concurrent_stream.go:207.2,207.19 1 0
github.com/phantom820/streams/streams/concurrent_stream.go:187.30,188.31 1 0
github.com/phantom820/streams/streams/concurrent_stream.go:192.35,194.11 2 0
github.com/phantom820/streams/streams/concurrent_stream.go:200.4,201.21 2 0
github.com/phantom820/streams/streams/concurrent_stream.go:194.11,196.5 1 0
github.com/phantom820/streams/streams/concurrent_stream.go:196.10,196.88 1 0
github.com/phantom820/streams/streams/concurrent_stream.go:196.88,199.5 2 0
github.com/phantom820/streams/streams/concurrent_stream.go:211.94,214.27 3 0
github.com/phantom820/streams/streams/concurrent_stream.go:220.2,220.16 1 0
github.com/phantom820/streams/streams/concurrent_stream.go:214.27,216.9 2 0
github.com/phantom820/streams/streams/concurrent_stream.go:216.9,218.4 1 0
github.com/phantom820/streams/streams/concurrent_stream.go:224.63,225.25 1 0
github.com/phantom820/streams/streams/concurrent_stream.go:228.2,232.25 5 0
github.com/phantom820/streams/streams/concurrent_stream.go:236.2,238.30 3 0
github.com/phantom820/streams/streams/concurrent_stream.go:225.25,226.31 1 0
github.com/phantom820/streams/streams/concurrent_stream.go:232.25,235.3 2 0
github.com/phantom820/streams/streams/concurrent_stream.go:238.30,239.34 1 0
github.com/phantom820/streams/streams/concurrent_stream.go:239.34,241.4 1 0
github.com/phantom820/streams/streams/concurrent_stream.go:246.92,249.27 3 4
github.com/phantom820/streams/streams/concurrent_stream.go:255.2,255.17 1 4
github.com/phantom820/streams/streams/concurrent_stream.go:249.27,251.9 2 10
github.com/phantom820/streams/streams/concurrent_stream.go:251.9,253.4 1 10
github.com/phantom820/streams/streams/concurrent_stream.go:259.48,260.25 1 1
github.com/phantom820/streams/streams/concurrent_stream.go:263.2,267.25 5 1
github.com/phantom820/streams/streams/concurrent_stream.go:271.2,274.30 4 1
github.com/phantom820/streams/streams/concurrent_stream.go:277.2,277.14 1 1
github.com/phantom820/streams/streams/concurrent_stream.go:260.25,261.31 1 0
github.com/phantom820/streams/streams/concurrent_stream.go:267.25,270.3 2 4
github.com/phantom820/streams/streams/concurrent_stream.go:274.30,276.3 1 4
github.com/phantom820/streams/streams/concurrent_stream.go:282.91,283.25 1 0
github.com/phantom820/streams/streams/concurrent_stream.go:286.2,317.16 3 0
github.com/phantom820/streams/streams/concurrent_stream.go:283.25,284.31 1 0
github.com/phantom820/streams/streams/concurrent_stream.go:321.50,323.33 2 0
github.com/phantom820/streams/streams/concurrent_stream.go:326.2,326.14 1 0
github.com/phantom820/streams/streams/concurrent_stream.go:323.33,325.3 1 0
github.com/phantom820/streams/streams/errors.go:28.29,30.2 1 0
github.com/phantom820/streams/streams/errors.go:33.34,35.2 1 0
github.com/phantom820/streams/streams/errors.go:38.34,42.2 3 0
github.com/phantom820/streams/streams/errors.go:45.59,49.2 3 0
github.com/phantom820/streams/streams/mocks.go:8.44,12.2 3 0
github.com/phantom820/streams/streams/mocks.go:14.48,15.34 1 0
github.com/phantom820/streams/streams/mocks.go:18.2,18.14 1 0
github.com/phantom820/streams/streams/mocks.go:15.34,17.3 1 0
github.com/phantom820/streams/streams/mocks.go:25.46,29.2 3 0
github.com/phantom820/streams/streams/mocks.go:31.50,33.2 1 0
github.com/phantom820/streams/streams/pipeline.go:6.70,7.26 1 0
github.com/phantom820/streams/streams/pipeline.go:7.26,9.3 1 0
github.com/phantom820/streams/streams/pipeline.go:14.95,15.31 1 1
github.com/phantom820/streams/streams/pipeline.go:15.31,17.3 1 10
github.com/phantom820/streams/streams/streams.go:57.38,63.2 5 0
github.com/phantom820/streams/streams/streams.go:66.44,68.2 1 0
github.com/phantom820/streams/streams/streams.go:71.57,73.2 1 0
github.com/phantom820/streams/streams/streams.go:76.60,81.34 2 0
github.com/phantom820/streams/streams/streams.go:84.2,84.15 1 0
github.com/phantom820/streams/streams/streams.go:81.34,81.64 1 0
github.com/phantom820/streams/streams/streams.go:106.91,113.34 4 0
github.com/phantom820/streams/streams/streams.go:116.2,116.15 1 0
github.com/phantom820/streams/streams/streams.go:113.34,113.64 1 0
github.com/phantom820/streams/streams/streams.go:121.47,127.34 3 0
github.com/phantom820/streams/streams/streams.go:130.2,130.16 1 0
github.com/phantom820/streams/streams/streams.go:127.34,127.64 1 0
github.com/phantom820/streams/streams/streams.go:135.80,136.30 1 0
github.com/phantom820/streams/streams/streams.go:139.2,140.40 1 0
github.com/phantom820/streams/streams/streams.go:152.2,152.19 1 0
github.com/phantom820/streams/streams/streams.go:136.30,137.31 1 0
github.com/phantom820/streams/streams/streams.go:140.40,142.11 2 0
github.com/phantom820/streams/streams/streams.go:146.4,146.25 1 0
github.com/phantom820/streams/streams/streams.go:142.11,145.5 2 0
github.com/phantom820/streams/streams/streams.go:156.66,157.30 1 0
github.com/phantom820/streams/streams/streams.go:160.2,161.30 1 0
github.com/phantom820/streams/streams/streams.go:176.2,176.19 1 0
github.com/phantom820/streams/streams/streams.go:157.30,158.31 1 0
github.com/phantom820/streams/streams/streams.go:161.30,163.11 2 0
github.com/phantom820/streams/streams/streams.go:170.4,170.24 1 0
github.com/phantom820/streams/streams/streams.go:163.11,166.5 2 0
github.com/phantom820/streams/streams/streams.go:166.10,166.26 1 0
github.com/phantom820/streams/streams/streams.go:166.26,169.5 2 0
github.com/phantom820/streams/streams/streams.go:180.58,181.30 1 0
github.com/phantom820/streams/streams/streams.go:186.2,188.30 2 0
github.com/phantom820/streams/streams/streams.go:209.2,209.19 1 0
github.com/phantom820/streams/streams/streams.go:181.30,182.31 1 0
github.com/phantom820/streams/streams/streams.go:183.8,183.22 1 0
github.com/phantom820/streams/streams/streams.go:183.22,184.56 1 0
github.com/phantom820/streams/streams/streams.go:188.30,190.11 2 0
github.com/phantom820/streams/streams/streams.go:190.11,192.5 1 0
github.com/phantom820/streams/streams/streams.go:192.10,193.18 1 0
github.com/phantom820/streams/streams/streams.go:197.5,197.26 1 0
github.com/phantom820/streams/streams/streams.go:193.18,196.6 2 0
github.com/phantom820/streams/streams/streams.go:200.26,201.45 1 0
github.com/phantom820/streams/streams/streams.go:204.4,204.16 1 0
github.com/phantom820/streams/streams/streams.go:201.45,203.5 1 0
github.com/phantom820/streams/streams/streams.go:213.56,214.30 1 0
github.com/phantom820/streams/streams/streams.go:219.2,221.30 2 0
github.com/phantom820/streams/streams/streams.go:237.2,237.19 1 0
github.com/phantom820/streams/streams/streams.go:214.30,215.31 1 0
github.com/phantom820/streams/streams/streams.go:216.8,216.21 1 0
github.com/phantom820/streams/streams/streams.go:216.21,217.54 1 0
github.com/phantom820/streams/streams/streams.go:221.30,223.11 2 0
github.com/phantom820/streams/streams/streams.go:223.11,225.5 1 0
github.com/phantom820/streams/streams/streams.go:225.10,226.23 1 0
github.com/phantom820/streams/streams/streams.go:230.5,230.25 1 0
github.com/phantom820/streams/streams/streams.go:226.23,229.6 2 0
github.com/phantom820/streams/streams/streams.go:248.47,250.2 1 0
github.com/phantom820/streams/streams/streams.go:253.36,255.2 1 0
github.com/phantom820/streams/streams/streams.go:258.100,259.30 1 0
github.com/phantom820/streams/streams/streams.go:262.2,264.30 2 0
github.com/phantom820/streams/streams/streams.go:279.2,279.19 1 0
github.com/phantom820/streams/streams/streams.go:259.30,260.31 1 0
github.com/phantom820/streams/streams/streams.go:264.30,266.11 2 0
github.com/phantom820/streams/streams/streams.go:272.4,273.21 2 0
github.com/phantom820/streams/streams/streams.go:266.11,268.5 1 0
github.com/phantom820/streams/streams/streams.go:268.10,268.88 1 0
github.com/phantom820/streams/streams/streams.go:268.88,271.5 2 0
github.com/phantom820/streams/streams/streams.go:283.53,284.25 1 0
github.com/phantom820/streams/streams/streams.go:287.2,289.26 3 0
github.com/phantom820/streams/streams/streams.go:284.25,285.31 1 0
github.com/phantom820/streams/streams/streams.go:289.26,291.9 2 0
github.com/phantom820/streams/streams/streams.go:291.9,293.4 1 0
github.com/phantom820/streams/streams/streams.go:298.38,299.25 1 0
github.com/phantom820/streams/streams/streams.go:302.2,305.26 4 0
github.com/phantom820/streams/streams/streams.go:311.2,311.14 1 0
github.com/phantom820/streams/streams/streams.go:299.25,300.31 1 0
github.com/phantom820/streams/streams/streams.go:305.26,307.9 2 0
github.com/phantom820/streams/streams/streams.go:307.9,309.4 1 0
github.com/phantom820/streams/streams/streams.go:316.81,317.25 1 0
github.com/phantom820/streams/streams/streams.go:320.2,324.26 5 0
github.com/phantom820/streams/streams/streams.go:346.2,346.15 1 0
github.com/phantom820/streams/streams/streams.go:351.2,351.16 1 0
github.com/phantom820/streams/streams/streams.go:317.25,318.31 1 0
github.com/phantom820/streams/streams/streams.go:324.26,326.9 2 0
github.com/phantom820/streams/streams/streams.go:326.9,327.17 1 0
github.com/phantom820/streams/streams/streams.go:342.4,342.11 1 0
github.com/phantom820/streams/streams/streams.go:328.11,330.10 2 0
github.com/phantom820/streams/streams/streams.go:331.11,334.10 3 0
github.com/phantom820/streams/streams/streams.go:335.11,337.10 2 0
github.com/phantom820/streams/streams/streams.go:338.12,340.10 2 0
github.com/phantom820/streams/streams/streams.go:346.15,349.3 2 0
github.com/phantom820/streams/streams/streams.go:355.40,357.33 2 0
github.com/phantom820/streams/streams/streams.go:360.2,360.14 1 0
github.com/phantom820/streams/streams/streams.go:357.33,359.3 1 0
github.com/phantom820/streams/streams/streams.go:364.43,366.27 2 0
github.com/phantom820/streams/streams/streams.go:369.2,369.14 1 0
github.com/phantom820/streams/streams/streams.go:366.27,368.3 1 0
github.com/phantom820/streams/streams/streams.go:373.67,375.27 2 0
github.com/phantom820/streams/streams/streams.go:378.2,378.13 1 0
github.com/phantom820/streams/streams/streams.go:375.27,377.3 1 0
github.com/phantom820/streams/streams/streams.go:382.75,384.27 2 0
github.com/phantom820/streams/streams/streams.go:387.2,387.12 1 0
github.com/phantom820/streams/streams/streams.go:384.27,386.3 1 0
github.com/phantom820/streams/streams/streams.go:391.77,393.27 2 0
github.com/phantom820/streams/streams/streams.go:396.2,396.12 1 0
github.com/phantom820/streams/streams/streams.go:393.27,395.3 1 0
